<?xml version="1.0" encoding="UTF-8"?>
<!-- Generated by org.testng.reporters.JUnitReportReporter -->
<testsuite hostname="SPMUMLAP-0060" failures="0" tests="120" name="com.test.AllScenarios_EG_TC" time="1058.502" errors="0" timestamp="2025-02-27T14:11:03 IST" skipped="0">
  <testcase classname="com.test.AllScenarios_EG_TC" name="RUNALL" time="0.000"/>
  <system-out/>
  <testcase classname="com.test.AllScenarios_EG_TC" name="RUNALL" time="0.001"/>
  <system-out/>
  <testcase classname="com.test.AllScenarios_EG_TC" name="RUNALL" time="0.000"/>
  <system-out/>
  <testcase classname="com.test.AllScenarios_EG_TC" name="RUNALL" time="0.001"/>
  <system-out/>
  <testcase classname="com.test.AllScenarios_EG_TC" name="RUNALL" time="0.001"/>
  <system-out/>
  <testcase classname="com.test.AllScenarios_EG_TC" name="RUNALL" time="0.001"/>
  <system-out/>
  <testcase classname="com.test.AllScenarios_EG_TC" name="RUNALL" time="0.000"/>
  <system-out/>
  <testcase classname="com.test.AllScenarios_EG_TC" name="RUNALL" time="0.001"/>
  <system-out/>
  <testcase classname="com.test.AllScenarios_EG_TC" name="RUNALL" time="0.000"/>
  <system-out/>
  <testcase classname="com.test.AllScenarios_EG_TC" name="RUNALL" time="0.001"/>
  <system-out/>
  <testcase classname="com.test.AllScenarios_EG_TC" name="RUNALL" time="0.001"/>
  <system-out/>
  <testcase classname="com.test.AllScenarios_EG_TC" name="RUNALL" time="0.001"/>
  <system-out/>
  <testcase classname="com.test.AllScenarios_EG_TC" name="RUNALL" time="0.001"/>
  <system-out/>
  <testcase classname="com.test.AllScenarios_EG_TC" name="RUNALL" time="0.000"/>
  <system-out/>
  <testcase classname="com.test.AllScenarios_EG_TC" name="RUNALL" time="0.000"/>
  <system-out/>
  <testcase classname="com.test.AllScenarios_EG_TC" name="RUNALL" time="0.001"/>
  <system-out/>
  <testcase classname="com.test.AllScenarios_EG_TC" name="RUNALL" time="0.001"/>
  <system-out/>
  <testcase classname="com.test.AllScenarios_EG_TC" name="RUNALL" time="0.002"/>
  <system-out/>
  <testcase classname="com.test.AllScenarios_EG_TC" name="RUNALL" time="0.001"/>
  <system-out/>
  <testcase classname="com.test.AllScenarios_EG_TC" name="RUNALL" time="0.002"/>
  <system-out/>
  <testcase classname="com.test.AllScenarios_EG_TC" name="RUNALL" time="0.000"/>
  <system-out/>
  <testcase classname="com.test.AllScenarios_EG_TC" name="RUNALL" time="0.000"/>
  <system-out/>
  <testcase classname="com.test.AllScenarios_EG_TC" name="RUNALL" time="0.000"/>
  <system-out/>
  <testcase classname="com.test.AllScenarios_EG_TC" name="RUNALL" time="0.000"/>
  <system-out/>
  <testcase classname="com.test.AllScenarios_EG_TC" name="RUNALL" time="0.001"/>
  <system-out/>
  <testcase classname="com.test.AllScenarios_EG_TC" name="RUNALL" time="0.001"/>
  <system-out/>
  <testcase classname="com.test.AllScenarios_EG_TC" name="RUNALL" time="0.001"/>
  <system-out/>
  <testcase classname="com.test.AllScenarios_EG_TC" name="RUNALL" time="0.001"/>
  <system-out/>
  <testcase classname="com.test.AllScenarios_EG_TC" name="RUNALL" time="0.002"/>
  <system-out/>
  <testcase classname="com.test.AllScenarios_EG_TC" name="RUNALL" time="0.001"/>
  <system-out/>
  <testcase classname="com.test.AllScenarios_EG_TC" name="RUNALL" time="311.909"/>
  <system-out/>
  <testcase classname="com.test.AllScenarios_EG_TC" name="RUNALL" time="0.001"/>
  <system-out/>
  <testcase classname="com.test.AllScenarios_EG_TC" name="RUNALL" time="0.000"/>
  <system-out/>
  <testcase classname="com.test.AllScenarios_EG_TC" name="RUNALL" time="0.000"/>
  <system-out/>
  <testcase classname="com.test.AllScenarios_EG_TC" name="RUNALL" time="0.001"/>
  <system-out/>
  <testcase classname="com.test.AllScenarios_EG_TC" name="RUNALL" time="0.000"/>
  <system-out/>
  <testcase classname="com.test.AllScenarios_EG_TC" name="RUNALL" time="0.001"/>
  <system-out/>
  <testcase classname="com.test.AllScenarios_EG_TC" name="RUNALL" time="0.001"/>
  <system-out/>
  <testcase classname="com.test.AllScenarios_EG_TC" name="RUNALL" time="0.000"/>
  <system-out/>
  <testcase classname="com.test.AllScenarios_EG_TC" name="RUNALL" time="0.000"/>
  <system-out/>
  <testcase classname="com.test.AllScenarios_EG_TC" name="RUNALL" time="0.000"/>
  <system-out/>
  <testcase classname="com.test.AllScenarios_EG_TC" name="RUNALL" time="0.001"/>
  <system-out/>
  <testcase classname="com.test.AllScenarios_EG_TC" name="RUNALL" time="0.000"/>
  <system-out/>
  <testcase classname="com.test.AllScenarios_EG_TC" name="RUNALL" time="0.001"/>
  <system-out/>
  <testcase classname="com.test.AllScenarios_EG_TC" name="RUNALL" time="0.000"/>
  <system-out/>
  <testcase classname="com.test.AllScenarios_EG_TC" name="RUNALL" time="0.001"/>
  <system-out/>
  <testcase classname="com.test.AllScenarios_EG_TC" name="RUNALL" time="0.000"/>
  <system-out/>
  <testcase classname="com.test.AllScenarios_EG_TC" name="RUNALL" time="0.001"/>
  <system-out/>
  <testcase classname="com.test.AllScenarios_EG_TC" name="RUNALL" time="0.001"/>
  <system-out/>
  <testcase classname="com.test.AllScenarios_EG_TC" name="RUNALL" time="0.000"/>
  <system-out/>
  <testcase classname="com.test.AllScenarios_EG_TC" name="RUNALL" time="0.000"/>
  <system-out/>
  <testcase classname="com.test.AllScenarios_EG_TC" name="RUNALL" time="0.001"/>
  <system-out/>
  <testcase classname="com.test.AllScenarios_EG_TC" name="RUNALL" time="0.010"/>
  <system-out/>
  <testcase classname="com.test.AllScenarios_EG_TC" name="RUNALL" time="0.000"/>
  <system-out/>
  <testcase classname="com.test.AllScenarios_EG_TC" name="RUNALL" time="0.001"/>
  <system-out/>
  <testcase classname="com.test.AllScenarios_EG_TC" name="RUNALL" time="0.001"/>
  <system-out/>
  <testcase classname="com.test.AllScenarios_EG_TC" name="RUNALL" time="0.001"/>
  <system-out/>
  <testcase classname="com.test.AllScenarios_EG_TC" name="RUNALL" time="0.003"/>
  <system-out/>
  <testcase classname="com.test.AllScenarios_EG_TC" name="RUNALL" time="0.001"/>
  <system-out/>
  <testcase classname="com.test.AllScenarios_EG_TC" name="RUNALL" time="0.001"/>
  <system-out/>
  <testcase classname="com.test.AllScenarios_EG_TC" name="RUNALL" time="0.001"/>
  <system-out/>
  <testcase classname="com.test.AllScenarios_EG_TC" name="RUNALL" time="0.000"/>
  <system-out/>
  <testcase classname="com.test.AllScenarios_EG_TC" name="RUNALL" time="395.231"/>
  <system-out/>
  <testcase classname="com.test.AllScenarios_EG_TC" name="RUNALL" time="0.001"/>
  <system-out/>
  <testcase classname="com.test.AllScenarios_EG_TC" name="RUNALL" time="0.000"/>
  <system-out/>
  <testcase classname="com.test.AllScenarios_EG_TC" name="RUNALL" time="0.000"/>
  <system-out/>
  <testcase classname="com.test.AllScenarios_EG_TC" name="RUNALL" time="0.001"/>
  <system-out/>
  <testcase classname="com.test.AllScenarios_EG_TC" name="RUNALL" time="0.000"/>
  <system-out/>
  <testcase classname="com.test.AllScenarios_EG_TC" name="RUNALL" time="0.001"/>
  <system-out/>
  <testcase classname="com.test.AllScenarios_EG_TC" name="RUNALL" time="0.000"/>
  <system-out/>
  <testcase classname="com.test.AllScenarios_EG_TC" name="RUNALL" time="0.001"/>
  <system-out/>
  <testcase classname="com.test.AllScenarios_EG_TC" name="RUNALL" time="0.001"/>
  <system-out/>
  <testcase classname="com.test.AllScenarios_EG_TC" name="RUNALL" time="0.001"/>
  <system-out/>
  <testcase classname="com.test.AllScenarios_EG_TC" name="RUNALL" time="0.000"/>
  <system-out/>
  <testcase classname="com.test.AllScenarios_EG_TC" name="RUNALL" time="0.000"/>
  <system-out/>
  <testcase classname="com.test.AllScenarios_EG_TC" name="RUNALL" time="351.279"/>
  <system-out/>
  <testcase classname="com.test.AllScenarios_EG_TC" name="RUNALL" time="0.000"/>
  <system-out/>
  <testcase classname="com.test.AllScenarios_EG_TC" name="RUNALL" time="0.001"/>
  <system-out/>
  <testcase classname="com.test.AllScenarios_EG_TC" name="RUNALL" time="0.001"/>
  <system-out/>
  <testcase classname="com.test.AllScenarios_EG_TC" name="RUNALL" time="0.001"/>
  <system-out/>
  <testcase classname="com.test.AllScenarios_EG_TC" name="RUNALL" time="0.000"/>
  <system-out/>
  <testcase classname="com.test.AllScenarios_EG_TC" name="RUNALL" time="0.001"/>
  <system-out/>
  <testcase classname="com.test.AllScenarios_EG_TC" name="RUNALL" time="0.000"/>
  <system-out/>
  <testcase classname="com.test.AllScenarios_EG_TC" name="RUNALL" time="0.000"/>
  <system-out/>
  <testcase classname="com.test.AllScenarios_EG_TC" name="RUNALL" time="0.000"/>
  <system-out/>
  <testcase classname="com.test.AllScenarios_EG_TC" name="RUNALL" time="0.001"/>
  <system-out/>
  <testcase classname="com.test.AllScenarios_EG_TC" name="RUNALL" time="0.001"/>
  <system-out/>
  <testcase classname="com.test.AllScenarios_EG_TC" name="RUNALL" time="0.000"/>
  <system-out/>
  <testcase classname="com.test.AllScenarios_EG_TC" name="RUNALL" time="0.000"/>
  <system-out/>
  <testcase classname="com.test.AllScenarios_EG_TC" name="RUNALL" time="0.000"/>
  <system-out/>
  <testcase classname="com.test.AllScenarios_EG_TC" name="RUNALL" time="0.003"/>
  <system-out/>
  <testcase classname="com.test.AllScenarios_EG_TC" name="RUNALL" time="0.000"/>
  <system-out/>
  <testcase classname="com.test.AllScenarios_EG_TC" name="RUNALL" time="0.001"/>
  <system-out/>
  <testcase classname="com.test.AllScenarios_EG_TC" name="RUNALL" time="0.000"/>
  <system-out/>
  <testcase classname="com.test.AllScenarios_EG_TC" name="RUNALL" time="0.000"/>
  <system-out/>
  <testcase classname="com.test.AllScenarios_EG_TC" name="RUNALL" time="0.001"/>
  <system-out/>
  <testcase classname="com.test.AllScenarios_EG_TC" name="RUNALL" time="0.000"/>
  <system-out/>
  <testcase classname="com.test.AllScenarios_EG_TC" name="RUNALL" time="0.000"/>
  <system-out/>
  <testcase classname="com.test.AllScenarios_EG_TC" name="RUNALL" time="0.002"/>
  <system-out/>
  <testcase classname="com.test.AllScenarios_EG_TC" name="RUNALL" time="0.001"/>
  <system-out/>
  <testcase classname="com.test.AllScenarios_EG_TC" name="RUNALL" time="0.001"/>
  <system-out/>
  <testcase classname="com.test.AllScenarios_EG_TC" name="RUNALL" time="0.000"/>
  <system-out/>
  <testcase classname="com.test.AllScenarios_EG_TC" name="RUNALL" time="0.001"/>
  <system-out/>
  <testcase classname="com.test.AllScenarios_EG_TC" name="RUNALL" time="0.000"/>
  <system-out/>
  <testcase classname="com.test.AllScenarios_EG_TC" name="RUNALL" time="0.001"/>
  <system-out/>
  <testcase classname="com.test.AllScenarios_EG_TC" name="RUNALL" time="0.001"/>
  <system-out/>
  <testcase classname="com.test.AllScenarios_EG_TC" name="RUNALL" time="0.001"/>
  <system-out/>
  <testcase classname="com.test.AllScenarios_EG_TC" name="RUNALL" time="0.000"/>
  <system-out/>
  <testcase classname="com.test.AllScenarios_EG_TC" name="RUNALL" time="0.000"/>
  <system-out/>
  <testcase classname="com.test.AllScenarios_EG_TC" name="RUNALL" time="0.000"/>
  <system-out/>
  <testcase classname="com.test.AllScenarios_EG_TC" name="RUNALL" time="0.001"/>
  <system-out/>
  <testcase classname="com.test.AllScenarios_EG_TC" name="RUNALL" time="0.001"/>
  <system-out/>
  <testcase classname="com.test.AllScenarios_EG_TC" name="RUNALL" time="0.000"/>
  <system-out/>
  <testcase classname="com.test.AllScenarios_EG_TC" name="RUNALL" time="0.000"/>
  <system-out/>
  <testcase classname="com.test.AllScenarios_EG_TC" name="RUNALL" time="0.001"/>
  <system-out/>
  <testcase classname="com.test.AllScenarios_EG_TC" name="RUNALL" time="0.001"/>
  <system-out/>
  <testcase classname="com.test.AllScenarios_EG_TC" name="RUNALL" time="0.001"/>
  <system-out/>
  <testcase classname="com.test.AllScenarios_EG_TC" name="RUNALL" time="0.001"/>
  <system-out/>
  <testcase classname="com.test.AllScenarios_EG_TC" name="RUNALL" time="0.000"/>
  <system-out/>
  <testcase classname="com.test.AllScenarios_EG_TC" name="RUNALL" time="0.000"/>
  <system-out/>
</testsuite> <!-- com.test.AllScenarios_EG_TC -->
